

Microchip MPLAB XC8 Assembler V3.00 build 20241204225717 
                                                                                                           Fri Jul 11 15:28:48 2025


     1                           	processor	16F887
     2                           	pagewidth 132
     3                           	psect	code,global,class=CODE,space=0,delta=2
     4                           	psect	powerup,global,class=CODE,space=0,delta=2
     5                           	psect	reset_vec,global,class=CODE,space=0,delta=2
     6                           	psect	maintext,global,class=CODE,space=0,delta=2
     7                           	psect	eeprom_data,global,class=EEDATA,space=3,delta=2,noexec
     8                           	psect	intentry,global,class=CODE,space=0,delta=2
     9                           	psect	sivt,global,class=CODE,space=0,delta=2
    10                           	psect	functab,global,class=ENTRY,space=0,delta=2
    11                           	psect	init,global,class=CODE,space=0,delta=2
    12                           	psect	cinit,global,class=CODE,space=0,delta=2
    13                           	psect	text,global,class=CODE,space=0,delta=2
    14                           	psect	end_init,global,class=CODE,space=0,delta=2
    15                           	psect	clrtext,global,class=CODE,space=0,delta=2
    16                           	psect	strings,global,reloc=256,class=CODE,space=0,delta=2
    17                           	psect	stack,global,class=STACK,space=2,delta=1,noexec
    18                           	psect	heap,global,class=HEAP,space=7,delta=1,noexec
    19                           	psect	common,global,class=COMMON,space=1,delta=1
    20                           	psect	bank0,global,class=BANK0,space=1,delta=1
    21                           	psect	bank1,global,class=BANK1,space=1,delta=1
    22                           	psect	bank2,global,class=BANK2,space=1,delta=1
    23                           	psect	bank3,global,class=BANK3,space=1,delta=1
    24                           	psect	ram,global,class=RAM,space=1,delta=1
    25                           	psect	abs1,global,class=ABS1,space=1,delta=1
    26                           	psect	sfr0,global,class=SFR0,space=1,delta=1
    27                           	psect	sfr1,global,class=SFR1,space=1,delta=1
    28                           	psect	sfr2,global,class=SFR2,space=1,delta=1
    29                           	psect	sfr3,global,class=SFR3,space=1,delta=1
    30                           
    31                           	psect	reset_vec
    32     0000                     reset_vec:
    33                           
    34                           	psect	maintext
    35                           
    36                           ; Microchip MPLAB XC8 C Compiler V3.00
    37                           ; Copyright (C) 2024 Microchip Technology Inc.
    38                           ; Auto-generated runtime startup code for final link stage.
    39                           ;
    40                           ; Compiler options:
    41                           ;
    42                           ; -q --opt=none --chip=16f887 main.c -L--fixupoverflow=error --std=c99 \
    43                           ; --callgraph=none --warn=-3 --errformat=%f:%l:%c: error: (%n) %s \
    44                           ; --warnformat=%f:%l:%c: warning: (%n) %s \
    45                           ; --msgformat=%f:%l:%c: advisory: (%n) %s
    46                           ;
    47     0000                     C               set	0
    48     0002                     Z               set	2
    49     0002                     PCL             set	2
    50     0000                     INDF            set	0
    51     0003                     STATUS          equ	3
    52     000A                     PCLATH          equ	10
    53                           
    54                           	psect	functab
    55     0000                     intlevel0:
    56     0000                     intlevel1:
    57     0000                     intlevel2:
    58     0000                     intlevel3:
    59     0000                     intlevel4:
    60     0000                     intlevel5:
    61                           
    62                           	psect	init
    63     0000                     start:
    64                           
    65                           	psect	end_init
    66     0000  120A  118A  2FFC   	ljmp	start_initialization	;jump to C runtime clear & initialization
    67                           
    68                           	psect	clrtext
    69     0004                     FSR             set	4
    70                           
    71                           	psect	strings
    72     0000                     ___stacklo      equ	0
    73     0000                     ___stackhi      equ	0
    74                           
    75                           	psect	stack
    76     0000                     ___sp:
    77     0000                     ___int_sp:
    78     0000                     ___stack_lo:
    79     0000                     ___stack_hi:
    80     0000                     ___int_stack_lo:
    81     0000                     ___int_stack_hi:
    82                           
    83                           	psect	heap
    84                           
    85                           ; No powerup routine
    86                           ; No interrupt routine(s)
    87                           ; No heap to be allocated
    88     0000                     ___heap_lo      equ	0
    89     0000                     ___heap_hi      equ	0


Microchip Technology PIC Macro Assembler V3.00 build 20241204225717 
Symbol Table                                                                                               Fri Jul 11 15:28:48 2025

               ___sp 0000                 _main 07D1                 start 0000           ___stack_hi 0000  
         ___stack_lo 0000       ___int_stack_hi 0000       ___int_stack_lo 0000  start_initialization 07FC  
          ___heap_hi 0000            ___heap_lo 0000            ___stackhi 0000            ___stacklo 0000  
           ___int_sp 0000             intlevel0 0000             intlevel1 0000             intlevel2 0000  
           intlevel3 0000             intlevel4 0000             intlevel5 0000             reset_vec 0000  
