MPASM  5.50                          MAIN.ASM   7-28-2025  2:00:34         PAGE  1


LOC  OBJECT CODE     LINE SOURCE TEXT
  VALUE

Warning[207]: Found label after column 1. (LISTP)
  0016F887            00001  LISTP=16F887
                      00002 #INCLUDE<P16F887.INC>
                      00001         LIST
                      00002 
                      00003 ;==========================================================================
                      00004 ;  MPASM PIC16F887 processor include
                      00005 ; 
                      00006 ;  (c) Copyright 1999-2013 Microchip Technology, All rights reserved
                      00007 ;==========================================================================
                      00008 
                      00809         LIST
                      00003                 
                      00004 ;*******************************
                      00005 ;       Oscilador interno
                      00006 ;*******************************
Warning[205]: Found directive in column 1. (__CONFIG)
2007   20F4           00007 __CONFIG    _CONFIG1, _LVP_OFF & _FCMEN_OFF & _IESO_OFF & _BOR_OFF & _CPD_OFF & _CP_OFF & _MCLRE_ON & _P
                            WRTE_OFF & _WDT_OFF & _INTRC_OSC_NOCLKOUT
Warning[205]: Found directive in column 1. (__CONFIG)
2008   3EFF           00008 __CONFIG    _CONFIG2, _WRT_OFF & _BOR21V
                      00009 ;*******************************
                      00010 
                      00011 BANCO_1 MACRO
                      00012                         BCF             STATUS,RP1
                      00013                         BCF             STATUS,RP0
                      00014                         ENDM
                      00015 BANCO_2 MACRO
                      00016                         BCF             STATUS,RP1
                      00017                         BSF             STATUS,RP0
                      00018                         ENDM
                      00019 BANCO_3 MACRO
                      00020                         BSF             STATUS,RP1
                      00021                         BCF             STATUS,RP0
                      00022                         ENDM
                      00023 BANCO_4 MACRO
                      00024                         BSF             STATUS,RP1
                      00025                         BSF             STATUS,RP0
                      00026                         ENDM
                      00027 
Warning[205]: Found directive in column 1. (CBLOCK)
                      00028 CBLOCK  0X20
  00000020            00029 AUX
  00000021            00030 WREG
  00000022            00031 PDel0
  00000023            00032 PDel1
Warning[205]: Found directive in column 1. (ENDC)
                      00033 ENDC
                      00034 
Warning[205]: Found directive in column 1. (ORG)
                      00035 ORG             0X00
Warning[203]: Found opcode in column 1. (GOTO)
0000   2???           00036 GOTO    INICIO
MPASM  5.50                          MAIN.ASM   7-28-2025  2:00:34         PAGE  2


LOC  OBJECT CODE     LINE SOURCE TEXT
  VALUE

Warning[205]: Found directive in column 1. (ORG)
                      00037 ORG             0X05
                      00038 
                      00039 ;******************************************************
                      00040 ;********* Configuro pines analogicos *****************
                      00041 ;******************************************************
0005                  00042 INICIO          
                      00043                         BANCO_4
0005   1703               M                         BSF             STATUS,RP1
0006   1683               M                         BSF             STATUS,RP0
0007   3001           00044                         MOVLW   B'00000001'
Message[302]: Register in operand not in bank 0.  Ensure that bank bits are correct.
0008   0088           00045                         MOVWF   ANSEL
0009   3000           00046                         MOVLW   B'00000000'
Message[302]: Register in operand not in bank 0.  Ensure that bank bits are correct.
000A   0089           00047                         MOVWF   ANSELH
                      00048 ;******************************************************
                      00049 ;********* OScilador **********************************
                      00050 ;******************************************************
                      00051                         BANCO_2
000B   1303               M                         BCF             STATUS,RP1
000C   1683               M                         BSF             STATUS,RP0
000D   3075           00052                         MOVLW   B'01110101'
Message[302]: Register in operand not in bank 0.  Ensure that bank bits are correct.
000E   008F           00053                         MOVWF   OSCCON                  
                      00054 ;******************************************************
                      00055 ;********* Configuro pines de entrada *****************
                      00056 ;******************************************************
                      00057                         BANCO_2
000F   1303               M                         BCF             STATUS,RP1
0010   1683               M                         BSF             STATUS,RP0
                      00058 ;                       BSF             TRISD,4
Message[302]: Register in operand not in bank 0.  Ensure that bank bits are correct.
0011   1406           00059                         BSF             TRISB,0
Message[302]: Register in operand not in bank 0.  Ensure that bank bits are correct.
0012   1506           00060                         BSF             TRISB,2
0013   3001           00061                         MOVLW   B'00000001'
Message[302]: Register in operand not in bank 0.  Ensure that bank bits are correct.
0014   0085           00062                         MOVWF   TRISA
Message[302]: Register in operand not in bank 0.  Ensure that bank bits are correct.
0015   1381           00063                         BCF             OPTION_REG,7
                      00064 ;*****************************************************
                      00065 ;******** Configuro TIMER-2 **************************
                      00066 ;*****************************************************
                      00067 NUEVO           BANCO_2
0016   1303               M                         BCF             STATUS,RP1
0017   1683               M                         BSF             STATUS,RP0
0018   30FF           00068                         MOVLW   D'255'
Message[302]: Register in operand not in bank 0.  Ensure that bank bits are correct.
0019   0092           00069                         MOVWF   PR2
                      00070                         BANCO_1
001A   1303               M                         BCF             STATUS,RP1
001B   1283               M                         BCF             STATUS,RP0
MPASM  5.50                          MAIN.ASM   7-28-2025  2:00:34         PAGE  3


LOC  OBJECT CODE     LINE SOURCE TEXT
  VALUE

001C   0195           00071                         CLRF    CCPR1L
001D   300C           00072                         MOVLW   B'00001100'
001E   0097           00073                         MOVWF   CCP1CON
001F   108C           00074                         BCF             PIR1,1
0020   1512           00075                         BSF             T2CON,2
0021   1C8C           00076 TIME            BTFSS   PIR1,1
0022   2???           00077                         GOTO    TIME
0023   108C           00078                         BCF             PIR1,1
                      00079 ;****************************************************
                      00080 ;******** ACTIVO SALIDAS PWN ************************
                      00081 ;****************************************************
                      00082                         BANCO_2
0024   1303               M                         BCF             STATUS,RP1
0025   1683               M                         BSF             STATUS,RP0
Message[302]: Register in operand not in bank 0.  Ensure that bank bits are correct.
0026   1388           00083                         BCF             TRISD,7
Message[302]: Register in operand not in bank 0.  Ensure that bank bits are correct.
0027   1308           00084                         BCF             TRISD,6
Message[302]: Register in operand not in bank 0.  Ensure that bank bits are correct.
0028   1288           00085                         BCF             TRISD,5
Message[302]: Register in operand not in bank 0.  Ensure that bank bits are correct.
0029   1107           00086                         BCF             TRISC,2
                      00087                         BANCO_1
002A   1303               M                         BCF             STATUS,RP1
002B   1283               M                         BCF             STATUS,RP0
002C   1388           00088                         BCF             PORTD,7
002D   1308           00089                         BCF             PORTD,6
002E   1288           00090                         BCF             PORTD,5
002F   1107           00091                         BCF             PORTC,2
                      00092 ;****************************************************
                      00093 ;******** Configuro modulo ADC ****************
                      00094 ;****************************************************
                      00095                         BANCO_2
0030   1303               M                         BCF             STATUS,RP1
0031   1683               M                         BSF             STATUS,RP0
0032   3000           00096                         MOVLW   B'00000000' ;JUSTIF. A LA IZQ.
Message[302]: Register in operand not in bank 0.  Ensure that bank bits are correct.
0033   009F           00097                         MOVWF   ADCON1
                      00098                         BANCO_1
0034   1303               M                         BCF             STATUS,RP1
0035   1283               M                         BCF             STATUS,RP0
0036   30C1           00099                         MOVLW   B'11000001'     ; CANAL-1
0037   009F           00100                         MOVWF   ADCON0
0038   149F           00101 LOOP            BSF             ADCON0,GO       
0039   2???           00102                         CALL    DELAY
003A   189F           00103 STOP            BTFSC   ADCON0,GO
003B   2???           00104                         GOTO    STOP
                      00105 ;****************************************************
                      00106 ;******** CARGAR 10-BITS DE ADC A PWM ***************
                      00107 ;****************************************************
                      00108                         BANCO_1
003C   1303               M                         BCF             STATUS,RP1
003D   1283               M                         BCF             STATUS,RP0
MPASM  5.50                          MAIN.ASM   7-28-2025  2:00:34         PAGE  4


LOC  OBJECT CODE     LINE SOURCE TEXT
  VALUE

003E   081E           00109                         MOVF    ADRESH,W        
003F   0095           00110                         MOVWF   CCPR1L          
                      00111 ;****************************************************
                      00112 ;******** Sentido de giro ***************************
                      00113 ;****************************************************
                      00114                         BANCO_1
0040   1303               M                         BCF             STATUS,RP1
0041   1283               M                         BCF             STATUS,RP0
0042   1906           00115                         BTFSC   PORTB,2
0043   2???           00116                         GOTO    NUEVO
0044   1806           00117                         BTFSC   PORTB,0
0045   2???           00118                         GOTO    IZQ
0046   2???           00119                         GOTO    DERECH  
0047   304C           00120 IZQ                     MOVLW   B'01001100'
0048   0097           00121                         MOVWF   CCP1CON
0049   2???           00122                         GOTO    LOOP
004A   30CC           00123 DERECH          MOVLW   B'11001100'
004B   0097           00124                         MOVWF   CCP1CON
004C   2???           00125                         GOTO    LOOP
                      00126 
                      00127 ;-----------------------------------
                      00128 ;DELAY 20US
                      00129 ;-----------------------------------
004D   3008           00130 DELAY           MOVLW   .8
004E   00A2           00131                         MOVWF   PDel0
004F   0064           00132 PLoop0          CLRWDT
0050   0BA2           00133                         DECFSZ  PDel0,1
0051   2???           00134                         GOTO    PLoop0
0052   2???           00135 PDelL1          GOTO    PDelL2
0053   0064           00136 PDelL2          CLRWDT  
0054   0008           00137                         RETURN
                      00138 ;-----------------------------------
20F4 3EFF             00139                         END
MPASM  5.50                          MAIN.ASM   7-28-2025  2:00:34         PAGE  5


SYMBOL TABLE
  LABEL                             VALUE 

ABDEN                             00000000
ABDOVF                            00000007
ACKDT                             00000005
ACKEN                             00000004
ACKSTAT                           00000006
ADCON0                            0000001F
ADCON1                            0000009F
ADCS0                             00000006
ADCS1                             00000007
ADDEN                             00000003
ADFM                              00000007
ADIE                              00000006
ADIF                              00000006
ADON                              00000000
ADRESH                            0000001E
ADRESL                            0000009E
ANS0                              00000000
ANS1                              00000001
ANS10                             00000002
ANS11                             00000003
ANS12                             00000004
ANS13                             00000005
ANS2                              00000002
ANS3                              00000003
ANS4                              00000004
ANS5                              00000005
ANS6                              00000006
ANS7                              00000007
ANS8                              00000000
ANS9                              00000001
ANSEL                             00000188
ANSELH                            00000189
AUX                               00000020
BANCO_1                           
BANCO_2                           
BANCO_3                           
BANCO_4                           
BAUDCTL                           00000187
BCLIE                             00000003
BCLIF                             00000003
BF                                00000000
BRG0                              00000000
BRG1                              00000001
BRG10                             00000002
BRG11                             00000003
BRG12                             00000004
BRG13                             00000005
BRG14                             00000006
BRG15                             00000007
BRG16                             00000003
BRG2                              00000002
BRG3                              00000003
BRG4                              00000004
MPASM  5.50                          MAIN.ASM   7-28-2025  2:00:34         PAGE  6


SYMBOL TABLE
  LABEL                             VALUE 

BRG5                              00000005
BRG6                              00000006
BRG7                              00000007
BRG8                              00000000
BRG9                              00000001
BRGH                              00000002
C                                 00000000
C1CH0                             00000000
C1CH1                             00000001
C1IE                              00000005
C1IF                              00000005
C1OE                              00000005
C1ON                              00000007
C1OUT                             00000006
C1POL                             00000004
C1R                               00000002
C1RSEL                            00000005
C1SEN                             00000005
C2CH0                             00000000
C2CH1                             00000001
C2IE                              00000006
C2IF                              00000006
C2OE                              00000005
C2ON                              00000007
C2OUT                             00000006
C2POL                             00000004
C2R                               00000002
C2REN                             00000004
C2RSEL                            00000004
C2SYNC                            00000000
CCP1CON                           00000017
CCP1IE                            00000002
CCP1IF                            00000002
CCP1M0                            00000000
CCP1M1                            00000001
CCP1M2                            00000002
CCP1M3                            00000003
CCP1X                             00000005
CCP1Y                             00000004
CCP2CON                           0000001D
CCP2IE                            00000000
CCP2IF                            00000000
CCP2M0                            00000000
CCP2M1                            00000001
CCP2M2                            00000002
CCP2M3                            00000003
CCP2X                             00000005
CCP2Y                             00000004
CCPR1                             00000015
CCPR1H                            00000016
CCPR1L                            00000015
CCPR2                             0000001B
CCPR2H                            0000001C
MPASM  5.50                          MAIN.ASM   7-28-2025  2:00:34         PAGE  7


SYMBOL TABLE
  LABEL                             VALUE 

CCPR2L                            0000001B
CHS0                              00000002
CHS1                              00000003
CHS2                              00000004
CHS3                              00000005
CKE                               00000006
CKP                               00000004
CM1CON0                           00000107
CM2CON0                           00000108
CM2CON1                           00000109
CREN                              00000004
CSRC                              00000007
D                                 00000005
DATA_ADDRESS                      00000005
DC                                00000001
DC1B0                             00000004
DC1B1                             00000005
DC2B0                             00000004
DC2B1                             00000005
DELAY                             0000004D
DERECH                            0000004A
D_A                               00000005
D_NOT_A                           00000005
ECCPAS                            0000009C
ECCPAS0                           00000004
ECCPAS1                           00000005
ECCPAS2                           00000006
ECCPASE                           00000007
EEADR                             0000010D
EEADRH                            0000010F
EECON1                            0000018C
EECON2                            0000018D
EEDAT                             0000010C
EEDATA                            0000010C
EEDATH                            0000010E
EEIE                              00000004
EEIF                              00000004
EEPGD                             00000007
F                                 00000001
FERR                              00000002
FSR                               00000004
FVREN                             00000000
GCEN                              00000007
GIE                               00000007
GO                                00000001
GO_DONE                           00000001
GO_NOT_DONE                       00000001
HTS                               00000002
I2C_DATA                          00000005
I2C_READ                          00000002
I2C_START                         00000003
I2C_STOP                          00000004
INDF                              00000000
MPASM  5.50                          MAIN.ASM   7-28-2025  2:00:34         PAGE  8


SYMBOL TABLE
  LABEL                             VALUE 

INICIO                            00000005
INTCON                            0000000B
INTE                              00000004
INTEDG                            00000006
INTF                              00000001
IOCB                              00000096
IOCB0                             00000000
IOCB1                             00000001
IOCB2                             00000002
IOCB3                             00000003
IOCB4                             00000004
IOCB5                             00000005
IOCB6                             00000006
IOCB7                             00000007
IRCF0                             00000004
IRCF1                             00000005
IRCF2                             00000006
IRP                               00000007
IZQ                               00000047
LISTP                             0016F887
LOOP                              00000038
LTS                               00000001
MC1OUT                            00000007
MC2OUT                            00000006
MSK                               00000093
MSK0                              00000000
MSK1                              00000001
MSK2                              00000002
MSK3                              00000003
MSK4                              00000004
MSK5                              00000005
MSK6                              00000006
MSK7                              00000007
NOT_A                             00000005
NOT_ADDRESS                       00000005
NOT_BO                            00000000
NOT_BOR                           00000000
NOT_DONE                          00000001
NOT_PD                            00000003
NOT_POR                           00000001
NOT_RBPU                          00000007
NOT_RC8                           00000006
NOT_T1SYNC                        00000002
NOT_TO                            00000004
NOT_TX8                           00000006
NOT_W                             00000002
NOT_WRITE                         00000002
NUEVO                             00000016
OERR                              00000001
OPTION_REG                        00000081
OSCCON                            0000008F
OSCTUNE                           00000090
OSFIE                             00000007
MPASM  5.50                          MAIN.ASM   7-28-2025  2:00:34         PAGE  9


SYMBOL TABLE
  LABEL                             VALUE 

OSFIF                             00000007
OSTS                              00000003
P                                 00000004
P1M0                              00000006
P1M1                              00000007
PCL                               00000002
PCLATH                            0000000A
PCON                              0000008E
PDC0                              00000000
PDC1                              00000001
PDC2                              00000002
PDC3                              00000003
PDC4                              00000004
PDC5                              00000005
PDC6                              00000006
PDel0                             00000022
PDel1                             00000023
PDelL1                            00000052
PDelL2                            00000053
PEIE                              00000006
PEN                               00000002
PIE1                              0000008C
PIE2                              0000008D
PIR1                              0000000C
PIR2                              0000000D
PLoop0                            0000004F
PORTA                             00000005
PORTB                             00000006
PORTC                             00000007
PORTD                             00000008
PORTE                             00000009
PR2                               00000092
PRSEN                             00000007
PS0                               00000000
PS1                               00000001
PS2                               00000002
PSA                               00000003
PSSAC0                            00000002
PSSAC1                            00000003
PSSBD0                            00000000
PSSBD1                            00000001
PSTRCON                           0000009D
PULSR                             00000002
PULSS                             00000003
PWM1CON                           0000009B
R                                 00000002
RA0                               00000000
RA1                               00000001
RA2                               00000002
RA3                               00000003
RA4                               00000004
RA5                               00000005
RA6                               00000006
MPASM  5.50                          MAIN.ASM   7-28-2025  2:00:34         PAGE 10


SYMBOL TABLE
  LABEL                             VALUE 

RA7                               00000007
RB0                               00000000
RB1                               00000001
RB2                               00000002
RB3                               00000003
RB4                               00000004
RB5                               00000005
RB6                               00000006
RB7                               00000007
RBIE                              00000003
RBIF                              00000000
RC0                               00000000
RC1                               00000001
RC2                               00000002
RC3                               00000003
RC4                               00000004
RC5                               00000005
RC6                               00000006
RC7                               00000007
RC8_9                             00000006
RC9                               00000006
RCD8                              00000000
RCEN                              00000003
RCIDL                             00000006
RCIE                              00000005
RCIF                              00000005
RCREG                             0000001A
RCSTA                             00000018
RD                                00000000
RD0                               00000000
RD1                               00000001
RD2                               00000002
RD3                               00000003
RD4                               00000004
RD5                               00000005
RD6                               00000006
RD7                               00000007
RE0                               00000000
RE1                               00000001
RE2                               00000002
RE3                               00000003
READ_WRITE                        00000002
RP0                               00000005
RP1                               00000006
RSEN                              00000001
RX9                               00000006
RX9D                              00000000
R_NOT_W                           00000002
R_W                               00000002
S                                 00000003
SBOREN                            00000004
SCKP                              00000004
SCS                               00000000
MPASM  5.50                          MAIN.ASM   7-28-2025  2:00:34         PAGE 11


SYMBOL TABLE
  LABEL                             VALUE 

SEN                               00000000
SENDB                             00000003
SMP                               00000007
SPBRG                             00000099
SPBRGH                            0000009A
SPEN                              00000007
SR0                               00000006
SR1                               00000007
SRCON                             00000185
SREN                              00000005
SSPADD                            00000093
SSPBUF                            00000013
SSPCON                            00000014
SSPCON2                           00000091
SSPEN                             00000005
SSPIE                             00000003
SSPIF                             00000003
SSPM0                             00000000
SSPM1                             00000001
SSPM2                             00000002
SSPM3                             00000003
SSPMSK                            00000093
SSPOV                             00000006
SSPSTAT                           00000094
STATUS                            00000003
STOP                              0000003A
STRA                              00000000
STRB                              00000001
STRC                              00000002
STRD                              00000003
STRSYNC                           00000004
SWDTEN                            00000000
SYNC                              00000004
T0CS                              00000005
T0IE                              00000005
T0IF                              00000002
T0SE                              00000004
T1CKPS0                           00000004
T1CKPS1                           00000005
T1CON                             00000010
T1GINV                            00000007
T1GIV                             00000007
T1GSS                             00000001
T1INSYNC                          00000002
T1OSCEN                           00000003
T1SYNC                            00000002
T2CKPS0                           00000000
T2CKPS1                           00000001
T2CON                             00000012
TIME                              00000021
TMR0                              00000001
TMR0IE                            00000005
TMR0IF                            00000002
MPASM  5.50                          MAIN.ASM   7-28-2025  2:00:34         PAGE 12


SYMBOL TABLE
  LABEL                             VALUE 

TMR1                              0000000E
TMR1CS                            00000001
TMR1GE                            00000006
TMR1H                             0000000F
TMR1IE                            00000000
TMR1IF                            00000000
TMR1L                             0000000E
TMR1ON                            00000000
TMR2                              00000011
TMR2IE                            00000001
TMR2IF                            00000001
TMR2ON                            00000002
TOUTPS0                           00000003
TOUTPS1                           00000004
TOUTPS2                           00000005
TOUTPS3                           00000006
TRISA                             00000085
TRISA0                            00000000
TRISA1                            00000001
TRISA2                            00000002
TRISA3                            00000003
TRISA4                            00000004
TRISA5                            00000005
TRISA6                            00000006
TRISA7                            00000007
TRISB                             00000086
TRISB0                            00000000
TRISB1                            00000001
TRISB2                            00000002
TRISB3                            00000003
TRISB4                            00000004
TRISB5                            00000005
TRISB6                            00000006
TRISB7                            00000007
TRISC                             00000087
TRISC0                            00000000
TRISC1                            00000001
TRISC2                            00000002
TRISC3                            00000003
TRISC4                            00000004
TRISC5                            00000005
TRISC6                            00000006
TRISC7                            00000007
TRISD                             00000088
TRISD0                            00000000
TRISD1                            00000001
TRISD2                            00000002
TRISD3                            00000003
TRISD4                            00000004
TRISD5                            00000005
TRISD6                            00000006
TRISD7                            00000007
TRISE                             00000089
MPASM  5.50                          MAIN.ASM   7-28-2025  2:00:34         PAGE 13


SYMBOL TABLE
  LABEL                             VALUE 

TRISE0                            00000000
TRISE1                            00000001
TRISE2                            00000002
TRISE3                            00000003
TRMT                              00000001
TUN0                              00000000
TUN1                              00000001
TUN2                              00000002
TUN3                              00000003
TUN4                              00000004
TX8_9                             00000006
TX9                               00000006
TX9D                              00000000
TXD8                              00000000
TXEN                              00000005
TXIE                              00000004
TXIF                              00000004
TXREG                             00000019
TXSTA                             00000098
UA                                00000001
ULPWUE                            00000005
ULPWUIE                           00000002
ULPWUIF                           00000002
VCFG0                             00000004
VCFG1                             00000005
VR0                               00000000
VR1                               00000001
VR2                               00000002
VR3                               00000003
VRCON                             00000097
VREN                              00000007
VROE                              00000006
VRR                               00000005
VRSS                              00000004
W                                 00000000
WCOL                              00000007
WDTCON                            00000105
WDTPS0                            00000001
WDTPS1                            00000002
WDTPS2                            00000003
WDTPS3                            00000004
WPUB                              00000095
WPUB0                             00000000
WPUB1                             00000001
WPUB2                             00000002
WPUB3                             00000003
WPUB4                             00000004
WPUB5                             00000005
WPUB6                             00000006
WPUB7                             00000007
WR                                00000001
WREG                              00000021
WREN                              00000002
MPASM  5.50                          MAIN.ASM   7-28-2025  2:00:34         PAGE 14


SYMBOL TABLE
  LABEL                             VALUE 

WRERR                             00000003
WUE                               00000001
Z                                 00000002
_BOR21V                           00003EFF
_BOR40V                           00003FFF
_BOR4V_BOR21V                     00003EFF
_BOR4V_BOR40V                     00003FFF
_BOREN_NSLEEP                     00003EFF
_BOREN_OFF                        00003CFF
_BOREN_ON                         00003FFF
_BOREN_SBODEN                     00003DFF
_BOR_NSLEEP                       00003EFF
_BOR_OFF                          00003CFF
_BOR_ON                           00003FFF
_BOR_SBODEN                       00003DFF
_CONFIG1                          00002007
_CONFIG2                          00002008
_CPD_OFF                          00003FFF
_CPD_ON                           00003F7F
_CP_OFF                           00003FFF
_CP_ON                            00003FBF
_DEBUG_OFF                        00003FFF
_DEBUG_ON                         00001FFF
_DEVID1                           00002006
_EC_OSC                           00003FFB
_EXTRC                            00003FFF
_EXTRCIO                          00003FFE
_EXTRC_OSC_CLKOUT                 00003FFF
_EXTRC_OSC_NOCLKOUT               00003FFE
_FCMEN_OFF                        000037FF
_FCMEN_ON                         00003FFF
_FOSC_EC                          00003FFB
_FOSC_EXTRC_CLKOUT                00003FFF
_FOSC_EXTRC_NOCLKOUT              00003FFE
_FOSC_HS                          00003FFA
_FOSC_INTRC_CLKOUT                00003FFD
_FOSC_INTRC_NOCLKOUT              00003FFC
_FOSC_LP                          00003FF8
_FOSC_XT                          00003FF9
_HS_OSC                           00003FFA
_IDLOC0                           00002000
_IDLOC1                           00002001
_IDLOC2                           00002002
_IDLOC3                           00002003
_IESO_OFF                         00003BFF
_IESO_ON                          00003FFF
_INTOSC                           00003FFD
_INTOSCIO                         00003FFC
_INTRC_OSC_CLKOUT                 00003FFD
_INTRC_OSC_NOCLKOUT               00003FFC
_LP_OSC                           00003FF8
_LVP_OFF                          00002FFF
_LVP_ON                           00003FFF
MPASM  5.50                          MAIN.ASM   7-28-2025  2:00:34         PAGE 15


SYMBOL TABLE
  LABEL                             VALUE 

_MCLRE_OFF                        00003FDF
_MCLRE_ON                         00003FFF
_PWRTE_OFF                        00003FFF
_PWRTE_ON                         00003FEF
_WDTE_OFF                         00003FF7
_WDTE_ON                          00003FFF
_WDT_OFF                          00003FF7
_WDT_ON                           00003FFF
_WRT_1FOURTH                      00003BFF
_WRT_256                          00003DFF
_WRT_HALF                         000039FF
_WRT_OFF                          00003FFF
_XT_OSC                           00003FF9
__16F887                          00000001
__DEBUG                           1

Errors   :     0
Warnings :     8 reported,     0 suppressed
Messages :    13 reported,     0 suppressed

